2025-11-14T10:45:14: Thai Anki Review Scheduler started. Will run daily at 7:00 AM.
2025-11-14T10:52:55: Received SIGINT. Shutting down gracefully...
2025-11-14T10:52:55: Thai Anki Review Scheduler started. Will run daily at 7:00 AM.
2025-11-14T10:52:56: Missed 7AM execution time. Current time is 11/14/2025, 10:52:55 AM, executing now...
2025-11-14T10:52:56: Starting daily review task...
2025-11-14T10:52:56: Processing review for date: 20251114
2025-11-14T10:52:56: Found 348 overdue words for review.
2025-11-14T10:52:56: Successfully created daily review for 20251114 with 348 words.
2025-11-14T10:52:56: Daily review task completed successfully.
2025-11-15T07:00:00: Starting daily review task...
2025-11-15T07:00:00: Processing review for date: 20251115
2025-11-15T07:00:00: Found 0 overdue words for review.
2025-11-15T07:00:00: Successfully created daily review for 20251115 with 0 words.
2025-11-15T07:00:00: Daily review task completed successfully.
2025-11-16T07:00:00: Starting daily review task...
2025-11-16T07:00:00: Processing review for date: 20251116
2025-11-16T07:00:00: Found 2 overdue words for review.
2025-11-16T07:00:00: Successfully created daily review for 20251116 with 2 words.
2025-11-16T07:00:00: Daily review task completed successfully.
2025-11-17T07:03:32: Starting daily review task...
2025-11-17T07:03:32: Processing review for date: 20251117
2025-11-17T07:03:33: Found 2 overdue words for review.
2025-11-17T07:03:33: Successfully created daily review for 20251117 with 2 words.
2025-11-17T07:03:33: Daily review task completed successfully.
2025-11-18T07:00:00: Starting daily review task...
2025-11-18T07:00:00: Processing review for date: 20251118
2025-11-18T07:00:00: Found 2 overdue words for review.
2025-11-18T07:00:00: Successfully created daily review for 20251118 with 2 words.
2025-11-18T07:00:00: Daily review task completed successfully.
